<?xml version="1.0" encoding="UTF-8"?>
<!-- Generated by org.testng.reporters.JUnitReportReporter -->
<testsuite hostname="TYSS-4F-42" name="com.amazon.TestScripts.IphonePriceComparisonTest" tests="1" failures="0" timestamp="27 Jan 2020 06:15:54 GMT" time="33.353" errors="0">
  <testcase name="iphonePriceInAmazonAndFlipkartTest" time="33.353" classname="com.amazon.TestScripts.IphonePriceComparisonTest"/>
</testsuite> <!-- com.amazon.TestScripts.IphonePriceComparisonTest -->
